SF:lib\core\xsd\xsd_parser\parser.dart
DA:22,8
DA:26,8
DA:28,0
DA:30,8
DA:32,16
DA:35,1
DA:36,16
DA:37,4
DA:38,4
DA:40,8
DA:41,16
DA:42,16
DA:43,16
DA:45,16
DA:46,16
DA:47,16
DA:49,8
DA:51,8
DA:53,1
DA:58,16
DA:59,8
DA:61,32
DA:63,0
DA:64,0
DA:68,16
DA:69,16
DA:73,8
DA:74,8
DA:75,16
DA:76,8
DA:77,16
DA:78,16
DA:79,8
DA:80,8
DA:81,8
DA:82,16
DA:86,8
DA:87,16
DA:88,8
DA:89,16
DA:90,16
DA:91,5
DA:92,5
DA:93,5
DA:94,10
DA:98,8
DA:99,16
DA:100,16
DA:101,16
DA:102,16
DA:104,24
DA:105,8
DA:106,5
DA:107,10
DA:111,8
DA:112,16
DA:113,8
DA:114,16
DA:115,16
DA:116,8
DA:117,8
DA:118,8
DA:120,0
DA:121,0
DA:122,0
DA:128,8
DA:129,20
DA:131,8
DA:132,8
DA:133,16
DA:134,0
DA:135,0
DA:139,8
DA:140,1
DA:142,8
DA:144,8
DA:145,16
DA:146,0
DA:147,0
DA:150,7
DA:152,1
DA:153,1
DA:154,1
DA:155,2
DA:156,2
DA:157,4
DA:158,2
DA:159,1
DA:160,1
DA:161,1
DA:162,1
DA:163,3
DA:164,3
DA:165,3
DA:166,1
DA:167,3
DA:168,1
DA:170,3
DA:171,0
DA:175,1
DA:176,2
DA:180,8
DA:181,16
DA:182,0
DA:183,0
DA:185,8
DA:186,8
DA:187,16
DA:189,16
DA:194,3
DA:195,2
DA:196,2
DA:197,0
DA:201,4
DA:205,6
DA:206,12
DA:207,4
DA:208,6
DA:210,6
DA:211,6
DA:212,12
DA:214,10
DA:219,2
DA:220,0
DA:221,0
DA:222,0
DA:226,4
DA:230,6
DA:231,12
DA:232,0
DA:233,0
DA:235,6
DA:236,6
DA:237,12
DA:239,10
DA:242,1
DA:243,0
DA:244,0
DA:248,3
DA:249,2
DA:250,2
DA:251,0
DA:255,4
DA:259,5
DA:262,5
DA:263,5
DA:264,5
DA:265,5
DA:266,5
DA:267,15
DA:268,5
DA:272,5
DA:273,5
DA:274,5
DA:275,0
DA:276,0
DA:277,0
DA:281,5
DA:282,5
DA:283,5
DA:284,0
DA:285,0
DA:286,0
DA:292,8
DA:294,8
DA:295,16
DA:299,16
DA:302,16
DA:303,12
DA:305,12
DA:306,6
DA:309,6
DA:311,6
DA:312,6
DA:313,6
DA:314,6
DA:316,10
DA:317,5
DA:318,5
DA:321,1
DA:322,0
DA:323,0
DA:324,0
DA:325,0
DA:326,0
DA:332,16
DA:333,16
DA:335,0
DA:336,0
DA:338,0
DA:340,16
DA:341,16
DA:343,0
DA:344,0
DA:346,0
DA:348,16
DA:349,16
DA:351,0
DA:352,0
DA:354,0
DA:358,8
DA:361,8
DA:363,16
DA:364,16
DA:367,0
DA:368,0
DA:370,0
DA:372,0
DA:373,0
DA:375,0
DA:376,0
DA:378,0
DA:381,0
DA:382,0
DA:383,0
DA:384,0
DA:385,0
DA:386,0
DA:388,0
DA:390,0
DA:391,0
DA:392,0
DA:393,0
DA:394,0
DA:395,0
DA:397,0
DA:401,0
DA:402,0
DA:404,0
DA:406,0
DA:407,0
DA:409,0
DA:410,0
DA:412,0
DA:415,0
DA:416,0
DA:417,0
DA:418,0
DA:419,0
DA:420,0
DA:422,0
DA:424,0
DA:425,0
DA:426,0
DA:427,0
DA:428,0
DA:429,0
DA:431,0
DA:435,8
DA:436,8
DA:437,8
DA:438,8
DA:439,8
DA:440,8
DA:442,24
DA:444,8
DA:445,8
DA:446,8
DA:447,3
DA:448,3
DA:449,3
DA:451,9
DA:453,8
DA:454,8
DA:455,8
DA:456,0
DA:457,0
DA:458,0
DA:459,0
DA:463,8
DA:466,8
DA:467,8
DA:468,8
DA:469,8
DA:473,16
DA:474,16
DA:475,8
DA:476,8
DA:478,16
DA:479,8
DA:481,0
DA:482,0
DA:484,0
DA:486,0
DA:487,0
DA:492,8
DA:493,8
DA:494,8
DA:498,13
DA:499,10
DA:500,5
DA:502,5
DA:503,5
DA:504,5
DA:505,5
DA:506,5
DA:508,10
DA:509,5
DA:510,5
DA:516,8
DA:517,8
DA:518,8
DA:519,0
DA:520,0
DA:521,0
DA:523,0
DA:525,8
DA:526,8
DA:527,8
DA:528,0
DA:529,0
DA:530,0
DA:532,0
DA:534,8
DA:535,8
DA:536,8
DA:537,0
DA:538,0
DA:539,0
DA:541,0
DA:546,3
DA:549,3
DA:550,3
DA:551,3
DA:552,3
DA:556,6
DA:557,6
DA:558,3
DA:559,3
DA:561,6
DA:562,3
DA:564,0
DA:565,0
DA:567,0
DA:569,0
DA:570,0
DA:575,3
DA:576,3
DA:577,3
DA:579,3
DA:580,0
DA:582,0
DA:583,0
DA:584,0
DA:585,0
DA:586,0
DA:588,0
DA:589,0
DA:590,0
DA:596,3
DA:597,3
DA:598,3
DA:599,0
DA:600,0
DA:601,0
DA:603,0
DA:605,3
DA:606,3
DA:607,3
DA:608,0
DA:609,0
DA:610,0
DA:612,0
DA:614,3
DA:615,3
DA:616,3
DA:617,0
DA:618,0
DA:619,0
DA:621,0
DA:626,0
DA:629,0
DA:630,0
DA:631,0
DA:632,0
DA:634,0
DA:635,0
DA:636,0
DA:638,0
DA:639,0
DA:641,0
DA:642,0
DA:644,0
DA:645,0
DA:649,0
DA:650,0
DA:651,0
DA:652,0
DA:653,0
DA:654,0
DA:656,0
DA:658,0
DA:659,0
DA:660,0
DA:661,0
DA:662,0
DA:663,0
DA:665,0
DA:669,0
DA:670,0
DA:671,0
DA:672,0
DA:674,0
DA:677,0
DA:678,0
DA:679,0
DA:680,0
DA:681,0
DA:682,0
DA:683,0
DA:686,0
DA:687,0
DA:689,0
DA:690,0
DA:692,0
DA:693,0
DA:694,0
DA:695,0
DA:696,0
DA:697,0
DA:699,0
DA:701,0
DA:702,0
DA:703,0
DA:704,0
DA:706,0
DA:707,0
DA:713,0
DA:714,0
DA:716,0
DA:717,0
DA:718,0
DA:719,0
DA:720,0
DA:721,0
DA:723,0
DA:725,0
DA:726,0
DA:727,0
DA:728,0
DA:730,0
DA:731,0
DA:739,0
DA:740,0
DA:742,0
DA:744,0
DA:746,0
DA:747,0
DA:749,0
DA:752,0
DA:755,16
DA:757,8
DA:758,8
DA:759,0
DA:760,0
DA:762,0
DA:763,0
DA:769,0
DA:770,0
DA:771,0
DA:772,0
DA:773,0
DA:774,0
DA:775,0
DA:776,0
DA:777,0
DA:783,0
DA:792,0
DA:797,22
LF:469
LH:241
end_of_record
SF:lib\app_providers.dart
DA:5,4
DA:8,12
DA:11,3
DA:14,16
DA:17,0
DA:18,0
DA:21,10
DA:22,10
DA:25,2
DA:26,2
DA:27,1
DA:28,1
DA:29,1
DA:33,0
LF:14
LH:11
end_of_record
SF:lib\core\validation\issues.dart
DA:12,1
DA:23,4
DA:27,4
DA:29,1
DA:31,1
DA:33,1
DA:34,1
DA:35,3
DA:38,3
DA:40,1
DA:41,1
DA:44,2
DA:45,1
DA:47,2
DA:50,1
DA:51,1
DA:53,1
DA:58,6
DA:59,1
DA:60,2
DA:62,1
DA:64,2
DA:65,2
DA:66,1
DA:68,2
DA:69,2
DA:70,1
DA:74,3
DA:77,3
LF:29
LH:29
end_of_record
SF:lib\core\cache\ast_cache.dart
DA:7,0
DA:15,0
DA:17,0
DA:18,0
DA:20,0
DA:21,0
DA:24,0
DA:25,0
DA:26,0
DA:27,0
DA:30,0
DA:31,0
DA:32,0
DA:34,0
DA:35,0
DA:38,0
DA:39,0
DA:40,0
DA:43,0
DA:44,0
DA:47,0
DA:48,0
LF:22
LH:0
end_of_record
SF:lib\core\models\element_node.dart
DA:14,11
DA:21,0
DA:22,0
DA:24,0
DA:25,0
DA:27,0
DA:31,0
LF:7
LH:1
end_of_record
SF:lib\core\refs\ref_normalizer.dart
DA:2,3
DA:7,3
DA:8,3
DA:9,3
DA:10,3
DA:11,0
DA:13,3
DA:14,3
DA:15,0
DA:17,3
DA:18,3
DA:19,3
DA:20,3
DA:21,6
DA:22,3
DA:23,15
DA:24,3
DA:25,1
DA:26,1
DA:27,2
DA:28,1
DA:29,5
DA:31,3
DA:32,3
DA:33,0
DA:34,0
DA:36,6
DA:38,3
DA:39,3
DA:41,3
DA:42,3
DA:43,0
DA:46,3
DA:48,6
DA:49,3
DA:52,3
DA:53,3
DA:54,3
DA:55,3
DA:59,3
DA:60,3
DA:61,3
DA:62,3
DA:63,3
LF:44
LH:39
end_of_record
SF:lib\core\loaders\arxmlloader.dart
DA:9,4
DA:11,1
DA:12,1
DA:13,1
DA:16,0
DA:18,0
DA:23,1
DA:25,1
DA:27,1
DA:29,0
DA:35,10
DA:37,40
DA:38,10
DA:40,40
DA:44,1
DA:45,1
LF:16
LH:13
end_of_record
SF:lib\core\xml\arxml_loader\parser.dart
DA:5,4
DA:7,10
DA:8,10
DA:9,10
DA:10,20
DA:11,20
DA:16,10
DA:17,10
DA:18,10
DA:22,10
DA:23,10
DA:25,20
DA:26,10
DA:28,10
DA:34,20
DA:35,10
DA:38,10
DA:40,30
DA:41,30
DA:42,20
DA:43,10
DA:44,10
DA:46,10
DA:49,10
DA:51,40
DA:52,20
LF:26
LH:26
end_of_record
SF:lib\core\xml\arxml_loader\serializer.dart
DA:5,4
DA:7,1
DA:8,1
DA:9,1
DA:10,2
DA:11,1
DA:13,2
DA:16,1
DA:17,2
DA:18,3
DA:19,3
DA:20,4
DA:21,5
DA:23,3
DA:24,2
DA:25,1
LF:16
LH:16
end_of_record
SF:lib\features\editor\view\editor_view.dart
DA:35,4
DA:42,4
DA:48,4
DA:49,4
DA:53,4
DA:56,4
DA:57,12
DA:58,12
DA:59,12
DA:62,12
DA:64,0
DA:65,0
DA:66,0
DA:72,0
DA:80,3
DA:81,3
DA:82,3
DA:83,3
DA:84,0
DA:85,0
DA:88,0
DA:90,0
DA:91,0
DA:92,0
DA:93,0
DA:95,0
DA:100,3
DA:101,3
DA:102,6
DA:103,6
DA:104,6
DA:105,6
DA:106,9
DA:108,3
DA:109,0
DA:110,0
DA:111,0
DA:112,0
DA:113,0
DA:114,0
DA:115,0
DA:124,0
DA:128,12
DA:129,3
DA:131,3
DA:132,3
DA:134,3
DA:136,3
DA:138,3
DA:140,3
DA:142,3
DA:144,3
DA:146,3
DA:148,3
DA:150,3
DA:153,3
DA:156,3
DA:157,3
DA:158,0
DA:159,0
DA:160,0
DA:161,0
DA:163,0
DA:164,0
DA:165,0
DA:167,0
DA:168,0
DA:178,0
DA:179,0
DA:181,0
DA:182,0
DA:183,0
DA:185,0
DA:186,0
DA:196,0
DA:197,0
DA:199,0
DA:200,0
DA:201,0
DA:203,0
DA:204,0
DA:214,0
DA:215,0
DA:217,0
DA:218,0
DA:219,0
DA:221,0
DA:222,0
DA:232,0
DA:233,0
DA:235,0
DA:236,0
DA:237,0
DA:239,0
DA:240,0
DA:250,0
DA:251,0
DA:253,0
DA:254,0
DA:255,0
DA:257,0
DA:258,0
DA:268,0
DA:269,0
DA:271,0
DA:272,0
DA:273,0
DA:275,0
DA:276,0
DA:286,0
DA:287,0
DA:289,0
DA:290,0
DA:291,0
DA:293,0
DA:294,0
DA:304,0
DA:305,0
DA:309,0
DA:310,0
DA:311,0
DA:313,0
DA:314,0
DA:324,0
DA:325,0
DA:327,0
DA:332,0
DA:333,0
DA:340,3
DA:341,6
DA:342,6
DA:344,6
DA:345,3
DA:347,6
DA:348,3
DA:350,3
DA:351,3
DA:354,3
DA:361,3
DA:366,9
DA:367,0
DA:370,0
DA:379,0
DA:381,0
DA:382,0
DA:389,0
DA:391,0
DA:392,0
DA:393,0
DA:396,0
DA:398,0
DA:399,0
DA:402,0
DA:404,0
DA:405,0
DA:406,0
DA:407,0
DA:409,0
DA:410,0
DA:411,0
DA:414,0
DA:415,0
DA:420,0
DA:421,0
DA:423,0
DA:424,0
DA:425,0
DA:428,0
DA:432,0
DA:434,0
DA:436,0
DA:437,0
DA:438,0
DA:439,0
DA:441,0
DA:443,0
DA:445,0
DA:448,0
LF:178
LH:50
end_of_record
SF:lib\features\editor\state\file_tabs_provider.dart
DA:17,30
DA:18,30
DA:19,15
DA:22,40
DA:23,32
DA:24,48
DA:26,16
DA:27,44
DA:28,22
DA:29,22
DA:30,17
DA:31,3
DA:34,0
DA:35,0
DA:36,0
DA:42,0
DA:43,0
DA:44,0
DA:45,0
DA:46,0
DA:49,0
DA:50,0
DA:51,0
DA:52,0
DA:53,0
DA:55,0
DA:56,0
DA:57,0
DA:58,0
DA:61,0
DA:63,0
DA:64,0
DA:70,45
DA:77,4
DA:80,20
DA:81,4
DA:86,3
DA:89,12
DA:90,3
DA:96,3
DA:97,3
DA:98,2
DA:101,4
DA:102,6
DA:103,2
DA:104,8
DA:105,2
DA:106,4
DA:108,2
DA:109,2
DA:110,2
DA:111,2
DA:112,2
DA:113,2
DA:114,2
DA:118,3
DA:120,3
DA:121,1
DA:124,3
DA:125,3
DA:126,2
DA:127,2
DA:132,2
DA:133,2
DA:135,2
DA:136,2
DA:137,0
DA:138,0
DA:139,0
DA:140,0
DA:145,0
DA:146,0
DA:147,0
DA:148,0
DA:151,0
DA:152,0
DA:154,0
DA:155,0
DA:158,0
DA:159,0
DA:160,0
DA:161,0
DA:163,0
DA:164,0
DA:167,0
DA:169,0
DA:171,0
DA:174,3
DA:176,12
DA:177,9
DA:178,6
DA:179,1
DA:182,6
DA:183,6
DA:187,3
DA:188,9
DA:190,0
DA:194,2
DA:197,10
DA:199,0
DA:203,2
DA:205,2
DA:206,0
DA:212,0
DA:213,0
DA:214,0
DA:215,0
DA:216,0
DA:221,0
DA:223,0
DA:225,0
DA:233,3
DA:234,6
DA:235,2
DA:237,4
DA:239,0
DA:245,2
DA:247,2
DA:249,0
DA:256,2
DA:257,2
DA:259,0
DA:261,0
DA:264,2
DA:266,4
DA:268,0
DA:272,0
DA:273,0
DA:274,0
DA:275,0
DA:277,0
DA:279,0
DA:281,0
DA:287,2
DA:288,2
DA:289,0
DA:295,0
DA:298,0
DA:299,0
DA:300,0
DA:301,0
DA:302,0
DA:309,0
DA:310,0
DA:311,0
DA:313,0
DA:315,0
DA:318,0
DA:320,0
DA:322,0
DA:324,0
DA:326,0
DA:327,0
DA:329,0
DA:332,0
DA:336,0
DA:338,0
DA:340,0
DA:341,0
DA:345,0
DA:350,3
DA:351,3
DA:354,0
DA:355,0
DA:356,0
DA:358,0
DA:359,0
DA:360,0
DA:361,0
DA:362,0
DA:363,0
DA:364,0
DA:365,0
DA:370,0
DA:374,1
DA:377,1
DA:378,5
DA:379,1
DA:383,0
DA:386,0
DA:388,0
DA:390,0
DA:392,0
DA:393,0
DA:395,0
DA:400,0
DA:401,0
DA:404,0
DA:406,0
DA:407,0
DA:408,0
DA:409,0
DA:410,0
DA:413,0
DA:415,0
DA:419,0
DA:421,0
DA:422,0
DA:423,0
DA:425,0
DA:430,0
DA:432,0
DA:433,0
DA:435,0
DA:437,0
DA:439,0
DA:440,0
DA:441,0
DA:443,0
DA:444,0
DA:446,0
DA:447,0
DA:452,0
DA:454,0
DA:458,1
DA:459,1
DA:460,0
DA:467,0
DA:468,0
DA:469,0
DA:470,0
DA:471,0
DA:474,0
DA:476,0
DA:480,0
DA:481,0
DA:483,0
DA:488,0
DA:490,0
DA:491,0
DA:495,0
DA:496,0
DA:498,0
DA:499,0
DA:500,0
DA:502,0
DA:503,0
DA:504,0
DA:505,0
DA:506,0
DA:507,0
DA:511,0
DA:512,0
DA:513,0
DA:514,0
DA:515,0
DA:516,0
DA:519,0
DA:520,0
DA:523,1
DA:524,3
DA:525,1
DA:526,5
DA:529,7
DA:530,5
DA:532,1
DA:535,0
DA:537,0
DA:538,0
DA:539,0
DA:540,0
DA:544,0
DA:545,0
DA:546,0
DA:547,0
DA:550,0
DA:551,0
DA:552,0
DA:554,0
DA:555,0
DA:557,0
DA:560,0
DA:562,0
DA:566,0
DA:568,0
DA:573,0
DA:575,0
DA:576,0
DA:577,0
DA:578,0
DA:579,0
DA:581,0
DA:585,0
DA:586,0
DA:588,0
DA:589,0
DA:590,0
DA:593,0
DA:594,0
DA:596,0
DA:597,0
DA:598,0
DA:599,0
DA:600,0
DA:601,0
DA:602,0
DA:606,0
DA:612,0
DA:614,0
DA:617,0
DA:618,0
DA:619,0
DA:620,0
DA:621,0
DA:622,0
DA:627,0
DA:630,0
DA:631,0
DA:632,0
DA:633,0
DA:634,0
DA:637,0
DA:638,0
DA:639,0
DA:640,0
DA:641,0
DA:642,0
DA:643,0
DA:644,0
DA:645,0
DA:646,0
DA:647,0
DA:649,0
LF:323
LH:86
end_of_record
SF:lib\features\editor\state\arxml_tree_view_state.dart
DA:21,6
DA:30,2
DA:38,2
DA:39,2
DA:40,2
DA:41,2
DA:43,1
DA:45,2
DA:48,2
DA:53,14
DA:54,14
DA:55,6
DA:57,6
DA:58,6
DA:63,18
DA:65,6
DA:67,24
DA:68,6
DA:70,6
DA:71,12
DA:72,6
DA:73,12
DA:74,11
DA:75,5
DA:79,12
DA:80,6
DA:83,6
DA:85,24
DA:86,6
DA:88,6
DA:90,18
DA:94,6
DA:95,6
DA:96,6
DA:97,6
DA:98,6
DA:99,11
DA:100,5
DA:105,12
DA:106,6
DA:111,0
DA:112,0
DA:114,0
DA:115,0
DA:117,0
DA:118,0
DA:120,0
DA:122,0
DA:123,0
DA:124,0
DA:126,0
DA:128,0
DA:132,1
DA:133,3
DA:140,1
DA:141,1
DA:142,2
DA:143,2
DA:146,0
DA:147,0
DA:149,2
DA:151,1
DA:152,2
DA:153,2
DA:154,1
DA:155,2
DA:156,1
DA:157,1
DA:159,3
DA:163,1
DA:164,2
DA:165,2
DA:166,1
DA:167,2
DA:168,1
DA:169,0
DA:171,3
DA:176,1
DA:177,3
DA:180,6
DA:181,3
DA:182,0
DA:183,1
DA:184,2
DA:185,3
DA:188,0
DA:189,0
DA:191,0
DA:192,0
DA:193,0
DA:194,0
DA:197,1
DA:198,3
DA:200,1
DA:201,3
DA:202,1
DA:203,2
DA:206,1
DA:208,1
DA:210,3
DA:212,3
DA:213,1
DA:214,1
DA:219,1
DA:220,3
DA:222,1
DA:224,2
DA:225,2
DA:226,1
DA:230,1
DA:231,3
DA:233,1
DA:234,1
DA:236,0
DA:237,0
DA:239,1
DA:240,1
DA:241,2
DA:242,4
DA:243,0
DA:245,1
DA:248,1
DA:249,1
DA:250,1
DA:251,1
DA:255,1
DA:256,1
DA:258,1
DA:260,2
DA:261,4
DA:262,4
DA:263,6
DA:265,1
DA:266,1
DA:268,1
DA:270,2
DA:273,1
DA:274,3
DA:276,2
DA:277,2
DA:278,4
DA:279,1
DA:280,1
DA:283,1
DA:284,1
DA:285,3
DA:286,1
DA:287,3
DA:288,1
DA:289,2
DA:290,1
DA:291,1
DA:292,1
DA:293,4
DA:294,2
DA:295,2
DA:296,5
DA:297,0
DA:298,0
DA:299,0
DA:302,1
DA:304,1
DA:305,3
DA:308,1
DA:309,3
DA:310,2
DA:311,2
DA:312,1
DA:314,1
DA:316,2
DA:317,1
DA:318,2
DA:319,4
DA:320,4
DA:321,6
DA:322,1
DA:328,1
DA:330,1
DA:332,1
DA:333,2
DA:334,2
DA:335,3
DA:338,4
DA:339,4
DA:340,2
DA:341,4
DA:342,0
DA:344,2
DA:345,2
DA:348,2
DA:350,2
DA:355,0
DA:356,0
DA:358,0
DA:359,0
DA:361,0
DA:362,0
DA:363,0
DA:364,0
DA:365,0
DA:366,0
DA:370,0
DA:371,0
DA:373,0
DA:374,0
DA:376,0
DA:377,0
DA:378,0
DA:379,0
DA:380,0
DA:381,0
DA:386,1
DA:388,1
DA:389,1
DA:390,2
DA:392,1
DA:393,2
DA:394,1
DA:399,3
DA:400,1
DA:402,2
DA:403,2
DA:404,2
DA:405,4
DA:406,2
DA:407,2
DA:412,1
DA:414,1
DA:415,1
DA:416,2
DA:417,1
DA:418,2
DA:419,1
DA:424,3
DA:425,1
DA:427,2
DA:428,2
DA:429,2
DA:430,4
DA:431,2
DA:432,2
DA:436,0
DA:437,0
DA:439,0
DA:441,0
DA:442,0
DA:444,0
DA:445,0
DA:446,0
DA:447,0
DA:448,0
DA:453,0
DA:454,0
DA:457,0
DA:460,0
DA:461,0
DA:462,0
DA:465,0
DA:466,0
DA:467,0
DA:470,0
DA:471,0
DA:472,0
DA:476,0
DA:477,0
DA:480,0
DA:481,0
DA:482,0
DA:486,0
DA:487,0
DA:488,0
DA:492,0
DA:493,0
DA:494,0
DA:496,0
DA:497,0
DA:498,0
DA:499,0
DA:503,0
DA:504,0
DA:505,0
DA:507,0
DA:508,0
DA:509,0
DA:510,0
DA:514,0
DA:515,0
DA:516,0
DA:520,0
DA:521,0
DA:522,0
DA:525,0
DA:526,0
DA:527,0
DA:531,0
DA:532,0
DA:533,0
DA:536,0
DA:537,0
DA:538,0
DA:540,0
DA:541,0
DA:543,0
DA:547,0
DA:548,0
DA:550,0
DA:551,0
DA:552,0
DA:556,0
DA:557,0
DA:560,0
DA:561,0
DA:568,0
DA:569,0
DA:570,0
DA:584,4
DA:593,0
DA:603,0
DA:604,0
DA:605,0
DA:606,0
DA:607,0
DA:608,0
DA:609,0
DA:610,0
LF:325
LH:193
end_of_record
SF:lib\features\editor\view\widgets\element_node\element_node_widget.dart
DA:17,4
DA:23,4
DA:24,4
DA:30,4
DA:32,8
DA:33,4
DA:34,8
DA:35,1
DA:36,2
DA:38,1
DA:39,4
DA:40,3
DA:41,3
DA:43,4
DA:44,3
DA:45,3
DA:46,1
DA:48,0
DA:51,1
DA:55,0
DA:59,0
DA:62,1
DA:70,1
DA:72,1
DA:73,3
DA:75,2
DA:76,1
DA:78,2
DA:83,1
DA:84,1
DA:85,1
DA:87,2
DA:88,4
DA:89,4
DA:91,7
DA:92,1
DA:94,1
DA:95,3
DA:98,4
DA:101,12
DA:102,0
DA:103,0
DA:106,12
DA:107,16
DA:108,16
DA:109,8
DA:110,12
DA:111,15
DA:112,15
DA:114,18
DA:117,17
DA:118,4
DA:119,8
DA:122,3
DA:124,0
DA:126,4
DA:127,0
DA:128,0
DA:129,4
DA:133,4
DA:134,0
DA:135,0
DA:136,3
DA:137,0
DA:138,0
DA:139,4
DA:140,8
DA:141,12
DA:142,12
DA:143,3
DA:147,3
DA:148,6
DA:152,0
DA:153,0
DA:154,0
DA:157,2
DA:159,8
DA:160,8
DA:161,12
DA:162,12
LF:80
LH:65
end_of_record
SF:lib\features\editor\view\widgets\element_node\element_node_actions.dart
DA:17,0
DA:18,0
DA:19,0
DA:22,0
DA:23,0
DA:24,0
DA:27,1
DA:28,3
DA:30,1
DA:31,0
DA:32,0
DA:34,1
DA:35,0
DA:36,0
DA:38,1
DA:39,3
DA:40,1
DA:42,0
DA:43,0
DA:44,0
DA:46,0
DA:47,0
DA:50,0
DA:51,0
DA:52,0
DA:54,0
DA:55,0
DA:57,0
DA:58,0
DA:60,0
DA:61,0
DA:63,0
DA:64,0
DA:66,0
DA:67,0
DA:68,0
DA:70,0
DA:71,0
DA:72,0
DA:73,0
DA:74,0
DA:75,0
DA:82,0
DA:83,0
DA:86,0
DA:87,0
DA:89,0
LF:47
LH:7
end_of_record
SF:lib\features\editor\state\commands\arxml_edit_command.dart
DA:5,0
LF:1
LH:0
end_of_record
SF:lib\features\editor\state\commands\edit_value_command.dart
DA:8,1
DA:9,1
DA:11,3
DA:12,5
DA:13,0
DA:16,1
DA:18,3
DA:19,5
DA:20,0
DA:23,0
DA:26,1
LF:11
LH:8
end_of_record
SF:lib\features\editor\state\commands\rename_tag_command.dart
DA:8,0
DA:9,0
DA:11,0
DA:14,0
DA:16,0
DA:19,0
DA:22,0
LF:7
LH:0
end_of_record
SF:lib\features\editor\state\commands\add_child_command.dart
DA:7,1
DA:8,1
DA:10,6
DA:11,3
DA:14,0
DA:16,0
DA:19,0
DA:22,0
LF:8
LH:4
end_of_record
SF:lib\features\editor\state\commands\delete_node_command.dart
DA:8,1
DA:9,1
DA:11,7
DA:14,0
DA:16,0
DA:17,0
DA:18,0
DA:19,0
DA:22,0
DA:25,0
LF:10
LH:3
end_of_record
SF:lib\features\editor\state\commands\convert_type_command.dart
DA:9,1
DA:10,1
DA:12,3
DA:16,1
DA:18,3
DA:19,2
DA:20,6
DA:21,2
DA:22,2
DA:27,0
DA:30,1
LF:11
LH:10
end_of_record
SF:lib\features\editor\state\commands\safe_rename_short_name_command.dart
DA:11,1
DA:13,1
DA:15,3
DA:16,5
DA:18,3
DA:19,0
DA:20,0
DA:21,0
DA:26,1
DA:28,3
DA:29,5
DA:31,3
DA:32,0
DA:33,0
DA:34,0
DA:39,0
DA:42,1
LF:17
LH:10
end_of_record
SF:lib\features\xsd\state\xsd_catalog.dart
DA:12,8
DA:20,4
DA:27,4
DA:28,4
DA:29,4
DA:30,4
DA:31,4
DA:32,4
DA:37,8
DA:39,1
DA:41,2
DA:42,1
DA:48,3
DA:49,3
DA:51,3
DA:52,3
DA:53,3
DA:54,3
DA:56,9
DA:57,3
DA:60,3
DA:61,3
DA:62,6
DA:63,9
DA:64,21
DA:65,9
DA:66,3
DA:69,1
DA:70,1
DA:71,6
DA:72,3
DA:73,1
DA:74,1
DA:77,4
DA:79,8
DA:81,8
DA:84,4
DA:85,12
DA:86,4
DA:87,4
DA:89,12
DA:91,4
DA:92,4
DA:93,12
DA:94,16
DA:95,4
DA:96,8
DA:97,4
DA:99,8
DA:101,1
DA:102,2
DA:105,0
DA:110,2
DA:113,4
DA:114,4
DA:115,4
DA:117,8
DA:119,1
DA:120,2
DA:122,0
DA:126,2
DA:134,12
DA:142,4
DA:143,16
DA:147,2
DA:149,2
DA:150,2
DA:151,6
DA:152,8
DA:153,8
DA:154,2
DA:157,2
DA:159,2
DA:160,8
DA:161,4
DA:162,12
DA:163,4
DA:164,2
DA:165,2
DA:175,2
DA:176,4
DA:177,6
DA:185,3
DA:187,3
DA:188,0
DA:190,0
DA:196,3
DA:198,3
DA:200,0
DA:201,0
DA:208,6
DA:209,6
DA:210,3
LF:93
LH:87
end_of_record
SF:lib\features\editor\view\widgets\search\custom_search_delegate.dart
DA:10,2
DA:17,1
DA:18,1
DA:19,2
DA:20,2
DA:21,1
DA:22,0
DA:23,0
DA:25,1
DA:28,7
DA:30,2
DA:31,3
DA:32,2
DA:33,1
DA:35,3
DA:36,2
DA:37,1
DA:39,7
DA:40,4
DA:41,1
DA:45,1
DA:48,1
DA:49,1
DA:50,1
DA:52,0
DA:56,1
DA:57,1
DA:59,0
DA:62,0
DA:64,0
DA:65,0
DA:66,0
DA:67,0
DA:68,0
DA:69,0
DA:70,0
DA:71,0
DA:77,1
DA:79,2
DA:80,1
DA:81,1
DA:82,0
DA:83,0
DA:84,0
DA:85,0
DA:86,0
LF:46
LH:28
end_of_record
SF:lib\features\editor\view\widgets\element_node\element_node_dialogs.dart
DA:9,3
DA:11,0
DA:19,0
DA:21,0
DA:22,0
DA:23,0
DA:25,0
DA:27,0
DA:28,0
DA:29,0
DA:30,0
DA:32,0
DA:33,0
DA:35,0
DA:36,0
DA:38,0
DA:39,0
DA:40,0
DA:41,0
DA:49,0
DA:56,0
DA:57,0
DA:59,0
DA:61,0
DA:66,0
DA:67,0
DA:68,0
DA:70,0
DA:71,0
DA:73,0
DA:74,0
DA:76,0
DA:77,0
DA:78,0
DA:79,0
DA:87,1
DA:95,3
DA:96,0
DA:97,0
DA:98,1
DA:99,1
DA:100,1
DA:102,3
DA:104,0
DA:105,3
DA:108,1
DA:110,2
DA:111,3
DA:113,1
DA:114,0
DA:118,0
DA:120,0
DA:121,0
DA:124,1
DA:125,1
DA:126,1
DA:128,1
DA:132,0
DA:134,1
DA:135,1
DA:136,0
DA:138,1
DA:140,0
DA:141,0
DA:143,0
DA:144,0
DA:145,0
DA:147,0
DA:148,0
DA:150,0
DA:151,0
DA:152,0
DA:154,0
DA:164,0
DA:172,0
DA:173,0
DA:174,0
DA:175,0
DA:176,0
DA:178,0
DA:179,0
DA:180,0
DA:181,0
DA:182,0
DA:183,0
DA:185,0
DA:188,0
DA:190,0
DA:191,0
DA:193,0
DA:194,0
DA:197,0
DA:198,0
DA:199,0
DA:201,0
DA:204,0
DA:205,0
DA:206,0
DA:209,0
DA:210,0
DA:211,0
DA:212,0
DA:221,0
DA:228,0
DA:229,0
DA:230,0
DA:231,0
DA:233,0
DA:234,0
DA:235,0
DA:236,0
DA:237,0
DA:238,0
DA:239,0
DA:241,0
DA:242,0
DA:244,0
DA:249,0
DA:252,0
DA:253,0
DA:254,0
DA:256,0
DA:257,0
DA:259,0
DA:261,0
DA:262,0
DA:263,0
DA:265,0
DA:266,0
DA:267,0
DA:268,0
LF:131
LH:19
end_of_record
SF:lib\features\editor\view\widgets\tree\depth_indicator.dart
DA:8,5
DA:15,5
DA:17,5
DA:18,15
DA:19,5
DA:20,20
DA:30,5
DA:32,5
DA:34,5
DA:35,5
DA:36,5
DA:37,14
DA:38,8
DA:39,16
DA:43,3
LF:15
LH:15
end_of_record
SF:lib\features\editor\view\widgets\element_node\ref_indicator.dart
DA:12,4
DA:15,4
DA:17,15
DA:19,5
DA:20,2
DA:21,3
DA:22,1
DA:23,1
DA:25,1
DA:26,1
DA:27,1
DA:28,1
DA:29,1
DA:32,1
DA:34,1
DA:36,1
DA:38,0
DA:39,0
DA:41,0
DA:42,0
DA:43,0
DA:47,0
DA:48,0
DA:50,0
DA:51,0
DA:52,0
DA:53,0
DA:56,0
DA:58,0
DA:60,0
DA:62,0
DA:64,0
DA:65,0
DA:66,0
DA:67,0
DA:68,0
DA:71,0
DA:72,0
DA:74,0
DA:79,0
DA:80,0
DA:81,0
DA:87,0
DA:88,0
DA:89,0
DA:93,1
DA:95,1
DA:96,1
LF:48
LH:19
end_of_record
SF:lib\features\editor\view\widgets\element_node\validation_badge.dart
DA:12,4
DA:15,4
DA:17,8
DA:18,4
DA:20,0
DA:21,0
DA:22,0
DA:25,0
DA:27,0
DA:28,0
DA:29,0
DA:31,0
DA:32,0
DA:36,0
DA:39,0
DA:41,0
DA:44,0
DA:46,0
DA:49,0
DA:50,0
DA:52,0
DA:53,0
DA:54,0
DA:55,0
DA:57,0
DA:58,0
DA:59,0
DA:62,0
DA:63,0
LF:29
LH:4
end_of_record
SF:lib\features\workspace\service\workspace_models.dart
DA:6,2
DA:23,1
DA:33,1
DA:42,1
DA:43,1
DA:44,1
DA:45,1
DA:46,1
DA:47,1
DA:48,0
DA:49,1
DA:54,1
DA:55,2
DA:57,2
DA:58,0
DA:63,0
DA:64,0
DA:66,0
DA:69,0
DA:72,0
DA:75,0
DA:78,0
DA:102,6
DA:114,0
DA:115,0
DA:117,4
DA:118,0
DA:119,0
DA:120,0
DA:122,2
DA:133,2
DA:134,2
DA:135,2
DA:136,2
DA:137,2
DA:138,2
DA:139,1
DA:140,1
DA:141,2
DA:142,2
LF:40
LH:26
end_of_record
SF:lib\features\validation\state\validation_providers.dart
DA:4,4
LF:1
LH:1
end_of_record
SF:lib\features\validation\view\validation_view.dart
DA:17,1
DA:19,1
DA:21,2
DA:22,2
DA:23,2
DA:25,2
DA:28,0
DA:29,0
DA:30,0
DA:31,0
DA:32,1
DA:33,1
DA:35,1
DA:38,0
DA:39,0
DA:40,0
DA:41,0
DA:42,0
DA:43,0
DA:45,0
DA:47,0
DA:48,0
DA:50,0
DA:51,0
DA:52,0
DA:54,0
DA:55,0
DA:59,0
DA:60,0
DA:61,0
DA:62,0
DA:63,0
DA:68,0
DA:69,0
DA:70,0
DA:72,0
DA:79,0
DA:80,0
DA:81,0
DA:85,0
DA:87,0
DA:90,0
DA:91,0
DA:93,0
DA:95,0
DA:101,0
DA:102,0
DA:103,0
DA:105,0
DA:106,0
DA:109,0
DA:110,0
DA:111,0
DA:116,0
DA:119,0
DA:120,0
DA:121,0
DA:122,0
DA:130,0
DA:131,0
DA:132,0
DA:133,0
DA:134,0
DA:135,0
DA:136,0
DA:138,0
DA:141,0
DA:143,0
DA:146,0
DA:147,0
DA:149,0
DA:150,0
DA:151,0
DA:152,0
DA:153,0
DA:154,0
DA:155,0
DA:156,0
DA:157,0
DA:158,0
DA:160,0
DA:161,0
DA:162,0
DA:163,0
DA:165,0
DA:166,0
DA:167,0
DA:170,0
DA:171,0
DA:172,0
DA:175,0
DA:181,0
DA:182,0
DA:184,0
DA:185,0
DA:190,0
DA:191,0
DA:192,0
DA:193,0
DA:194,0
DA:195,0
DA:196,0
DA:201,0
DA:213,0
DA:218,0
DA:224,0
DA:226,0
DA:227,0
DA:229,0
DA:230,0
DA:232,0
DA:234,0
DA:236,0
DA:237,0
DA:239,0
DA:240,0
DA:242,0
LF:117
LH:9
end_of_record
SF:lib\ui\home_shell.dart
DA:20,40
DA:23,0
DA:24,10
DA:25,10
DA:34,10
DA:36,10
DA:37,20
DA:38,20
DA:41,10
DA:43,12
DA:44,10
DA:47,10
DA:48,19
DA:49,10
DA:50,10
DA:51,6
DA:52,3
DA:53,3
DA:55,9
DA:56,9
DA:59,10
DA:62,9
DA:63,0
DA:68,10
DA:71,10
DA:72,30
DA:73,30
DA:74,30
DA:75,30
DA:76,30
DA:79,33
DA:80,9
DA:83,20
DA:85,40
DA:87,10
DA:88,10
DA:89,10
DA:90,10
DA:92,1
DA:93,5
DA:94,10
DA:96,10
DA:235,10
DA:237,10
DA:239,10
DA:240,10
DA:243,1
DA:244,5
DA:246,10
DA:249,1
DA:250,5
DA:252,10
DA:255,1
DA:258,1
DA:262,1
DA:263,1
DA:265,1
DA:267,1
DA:268,3
DA:269,0
DA:275,10
DA:278,1
DA:279,5
DA:286,10
DA:287,20
DA:289,13
DA:291,3
DA:293,3
DA:294,3
DA:297,9
DA:298,6
DA:299,3
DA:300,3
DA:301,6
DA:302,3
DA:305,3
DA:306,0
DA:316,3
DA:320,10
DA:321,1
DA:322,0
DA:323,0
DA:324,0
DA:325,10
DA:326,1
DA:327,1
DA:328,10
DA:329,2
DA:330,1
DA:333,3
DA:334,0
DA:335,0
DA:338,1
DA:341,3
DA:342,0
DA:343,0
DA:346,10
DA:347,1
DA:357,3
DA:358,3
DA:359,3
DA:360,3
DA:361,3
DA:370,10
DA:372,10
DA:374,10
DA:387,0
DA:389,0
DA:390,0
LF:109
LH:95
end_of_record
SF:lib\features\validation\view\widgets\validation_gutter.dart
DA:8,0
DA:10,0
DA:12,0
DA:13,0
DA:14,0
DA:15,0
DA:16,0
DA:17,0
DA:18,0
DA:19,0
DA:21,0
DA:28,0
DA:30,0
DA:32,0
DA:34,0
DA:36,0
DA:41,0
DA:43,0
DA:44,0
DA:45,0
DA:47,0
DA:48,0
DA:52,0
DA:57,0
DA:58,0
DA:59,0
DA:60,0
DA:64,0
DA:65,0
LF:29
LH:0
end_of_record
SF:lib\features\workspace\state\workspace_indexer.dart
DA:15,8
DA:20,1
DA:21,1
DA:22,3
DA:31,0
DA:33,0
DA:34,0
DA:35,0
DA:36,0
DA:39,0
DA:40,0
DA:41,0
DA:42,0
DA:43,0
DA:44,0
DA:45,0
DA:46,0
DA:47,0
DA:48,0
DA:50,0
DA:51,0
DA:54,0
DA:57,0
DA:60,0
DA:61,0
DA:62,0
DA:66,0
DA:69,0
DA:71,0
DA:72,0
DA:73,0
DA:77,1
DA:79,1
DA:80,3
DA:81,1
DA:82,2
DA:85,1
DA:86,2
DA:87,2
DA:88,1
DA:89,2
DA:90,1
DA:91,5
DA:92,1
DA:93,2
DA:94,2
DA:95,1
DA:98,1
DA:101,2
DA:105,2
DA:106,2
DA:107,1
DA:108,1
DA:110,7
DA:111,1
DA:119,2
DA:120,1
DA:121,1
DA:122,1
DA:123,1
DA:124,1
DA:126,2
DA:127,1
DA:128,1
DA:129,1
DA:130,1
DA:131,1
DA:145,1
DA:146,2
DA:149,3
DA:150,2
DA:155,0
DA:157,0
DA:158,0
DA:160,0
DA:163,0
DA:165,0
DA:166,0
DA:168,0
DA:171,0
DA:174,0
DA:175,0
DA:177,0
DA:178,0
DA:181,0
DA:182,0
DA:184,0
DA:187,1
DA:188,3
DA:193,1
DA:194,1
DA:195,1
DA:197,1
DA:199,1
DA:200,1
DA:201,0
DA:206,1
DA:207,3
DA:208,3
DA:209,1
DA:214,1
DA:215,3
DA:218,3
DA:219,1
DA:225,2
DA:228,2
DA:229,1
DA:230,3
DA:232,1
DA:233,1
DA:234,1
DA:235,2
DA:237,2
DA:238,3
DA:240,1
DA:241,0
DA:242,0
DA:243,1
DA:246,2
DA:249,2
DA:251,1
DA:253,4
DA:254,3
DA:256,1
DA:266,2
DA:267,3
DA:269,1
DA:272,1
DA:278,0
DA:279,0
DA:282,0
DA:283,0
DA:286,0
DA:287,0
DA:288,0
DA:289,0
DA:291,0
DA:293,0
DA:299,0
DA:301,0
DA:302,0
DA:303,0
DA:305,0
DA:306,0
DA:307,0
DA:308,0
DA:310,0
DA:311,0
DA:312,0
DA:313,0
DA:314,0
DA:315,0
DA:318,0
DA:320,0
DA:322,0
DA:323,0
DA:324,0
DA:326,0
DA:333,0
DA:335,0
DA:336,0
DA:338,0
DA:341,0
DA:346,0
DA:347,0
DA:348,0
DA:349,0
DA:350,0
DA:351,0
DA:352,0
DA:358,1
DA:360,1
DA:361,1
DA:363,1
DA:365,1
DA:366,1
DA:368,2
DA:369,2
DA:370,3
DA:371,3
DA:372,1
DA:377,4
DA:378,4
DA:379,4
DA:383,1
DA:385,0
DA:386,0
DA:387,0
DA:392,0
DA:394,0
DA:395,0
DA:396,0
DA:397,0
DA:398,0
DA:399,0
DA:400,0
DA:406,1
DA:407,2
DA:408,1
DA:412,1
DA:413,1
DA:415,1
DA:417,1
DA:419,1
DA:420,1
DA:421,1
DA:422,1
DA:425,1
DA:427,4
DA:429,1
DA:430,2
DA:431,2
DA:432,1
DA:435,2
DA:436,1
DA:440,2
DA:441,1
DA:446,1
DA:448,1
DA:449,1
DA:450,1
DA:454,0
DA:455,0
DA:457,0
DA:460,0
DA:461,0
DA:463,0
DA:466,0
DA:469,0
DA:470,0
DA:471,0
DA:472,0
DA:474,0
DA:475,0
DA:479,4
DA:480,4
DA:481,2
DA:485,3
LF:238
LH:126
end_of_record
SF:lib\features\workspace\view\workspace_view.dart
DA:13,1
DA:15,1
DA:16,1
DA:23,1
DA:25,3
DA:26,1
DA:28,1
DA:29,1
DA:30,1
DA:31,0
DA:32,0
DA:39,0
DA:40,0
DA:41,0
DA:42,0
DA:43,0
DA:45,0
DA:46,0
DA:48,0
DA:49,0
DA:50,0
DA:53,0
DA:54,0
DA:56,0
DA:57,0
DA:58,0
DA:59,0
DA:60,0
DA:66,0
DA:67,0
DA:68,0
DA:69,0
DA:70,0
DA:71,0
DA:72,0
DA:73,0
DA:77,0
DA:78,0
DA:80,0
DA:82,0
DA:83,0
DA:84,0
DA:85,0
DA:87,0
DA:88,0
DA:90,0
DA:91,0
DA:92,0
DA:94,0
DA:95,0
DA:99,0
DA:100,0
DA:102,0
DA:106,0
DA:107,0
DA:108,0
DA:109,0
DA:110,0
DA:116,0
DA:117,0
DA:118,0
DA:120,0
DA:121,0
DA:122,0
DA:124,0
DA:126,0
DA:127,0
DA:129,0
DA:132,0
DA:133,0
DA:136,0
DA:137,0
DA:138,0
DA:142,0
DA:144,0
DA:150,0
DA:154,0
DA:155,0
DA:156,0
DA:161,0
DA:162,0
DA:163,0
DA:166,0
DA:168,0
DA:169,0
DA:170,0
DA:171,0
DA:172,0
DA:173,0
DA:174,0
DA:183,0
DA:184,0
DA:191,0
DA:193,0
DA:194,0
DA:195,0
DA:196,0
DA:198,0
DA:201,0
DA:202,0
DA:209,0
DA:210,0
DA:211,0
DA:212,0
DA:213,0
DA:214,0
DA:215,0
DA:216,0
DA:246,0
DA:253,0
DA:254,0
DA:255,0
DA:258,0
DA:260,0
DA:261,0
DA:265,0
DA:267,0
DA:268,0
DA:269,0
DA:270,0
DA:273,0
DA:275,0
DA:277,0
DA:278,0
DA:279,0
DA:284,0
DA:287,0
DA:288,0
DA:289,0
DA:290,0
DA:292,0
DA:293,0
DA:304,0
DA:311,0
DA:313,0
DA:314,0
DA:318,0
DA:319,0
DA:322,0
DA:326,0
DA:330,0
DA:334,0
DA:338,0
DA:345,0
DA:346,0
DA:347,0
DA:349,0
DA:350,0
DA:351,0
DA:353,0
DA:354,0
DA:355,0
DA:360,0
DA:361,0
DA:362,0
DA:364,0
DA:365,0
DA:366,0
DA:368,0
DA:369,0
DA:370,0
DA:375,0
DA:376,0
DA:377,0
DA:379,0
DA:380,0
DA:381,0
DA:383,0
DA:384,0
DA:385,0
DA:393,0
DA:394,0
DA:395,0
DA:396,0
DA:398,0
DA:399,0
DA:401,0
DA:402,0
DA:403,0
DA:405,0
DA:407,0
DA:408,0
DA:409,0
DA:411,0
DA:418,0
DA:420,0
DA:421,0
DA:422,0
DA:423,0
DA:424,0
DA:425,0
DA:426,0
DA:428,0
DA:429,0
DA:430,0
DA:438,0
DA:439,0
DA:440,0
DA:442,0
DA:443,0
DA:444,0
DA:446,0
DA:454,0
DA:456,0
DA:459,0
DA:460,0
DA:463,0
DA:475,0
DA:477,0
DA:479,0
DA:481,0
DA:483,0
DA:485,0
DA:487,0
DA:489,0
DA:491,0
DA:494,0
DA:501,0
DA:502,0
DA:503,0
DA:504,0
DA:505,0
DA:507,0
DA:509,0
DA:511,0
DA:513,0
DA:516,0
DA:517,0
DA:518,0
DA:520,0
DA:521,0
DA:522,0
DA:524,0
DA:529,0
LF:234
LH:9
end_of_record
SF:lib\main.dart
DA:7,0
DA:8,0
DA:12,2
DA:13,8
LF:4
LH:2
end_of_record
SF:lib\ui\app.dart
DA:5,2
DA:7,9
DA:28,9
DA:31,9
DA:46,9
DA:47,9
DA:48,9
DA:49,9
DA:54,9
LF:9
LH:9
end_of_record
SF:lib\features\editor\state\testing\element_node_controller.dart
DA:8,4
DA:9,3
DA:11,3
DA:16,6
DA:18,3
DA:19,3
DA:20,6
DA:21,9
DA:22,6
DA:23,3
DA:27,6
DA:28,3
DA:30,9
DA:32,3
LF:14
LH:14
end_of_record
