SF:lib\app_providers.dart
DA:5,16
DA:8,0
DA:11,0
DA:12,0
DA:15,10
DA:16,10
DA:19,0
DA:20,0
DA:21,0
DA:22,0
DA:23,0
DA:27,0
LF:12
LH:3
end_of_record
SF:lib\arxml_validator.dart
DA:12,0
DA:23,4
DA:27,4
DA:29,1
DA:34,1
DA:37,1
DA:38,1
DA:39,2
DA:40,1
DA:44,2
DA:45,1
DA:48,0
DA:49,0
DA:52,0
DA:53,0
DA:55,0
DA:58,1
DA:60,1
DA:65,2
DA:66,3
DA:67,2
DA:68,2
DA:69,1
DA:70,2
DA:71,1
DA:72,2
DA:73,0
DA:74,0
DA:75,0
DA:77,0
DA:79,0
DA:84,2
DA:85,1
DA:89,2
DA:90,1
LF:35
LH:24
end_of_record
SF:lib\arxml_tree_view_state.dart
DA:12,3
DA:19,2
DA:23,2
DA:24,2
DA:25,2
DA:26,2
DA:28,1
DA:33,12
DA:34,12
DA:35,3
DA:36,3
DA:41,9
DA:43,3
DA:44,3
DA:46,3
DA:47,6
DA:48,3
DA:49,6
DA:50,5
DA:51,2
DA:55,6
DA:56,3
DA:59,3
DA:60,3
DA:62,3
DA:66,3
DA:67,3
DA:68,3
DA:69,3
DA:70,3
DA:71,5
DA:72,2
DA:77,6
DA:78,3
DA:83,0
DA:84,0
DA:87,0
DA:88,0
DA:89,0
DA:90,0
DA:91,0
DA:92,0
DA:96,1
DA:97,3
DA:101,1
DA:102,3
DA:105,1
DA:107,2
DA:109,4
DA:113,1
DA:114,3
DA:116,2
DA:117,4
DA:118,3
DA:119,3
DA:120,0
DA:121,0
DA:122,0
DA:126,0
DA:127,0
DA:129,0
DA:130,0
DA:133,0
DA:134,0
DA:137,0
DA:139,0
DA:142,0
DA:143,0
DA:144,0
DA:147,0
DA:148,0
DA:149,0
DA:151,0
DA:152,0
DA:153,0
DA:154,0
DA:158,0
DA:159,0
DA:160,0
DA:162,0
DA:163,0
DA:164,0
DA:165,0
DA:169,0
DA:170,0
DA:173,0
DA:176,0
DA:177,0
DA:180,0
DA:184,0
DA:185,0
DA:186,0
DA:187,0
DA:193,0
DA:194,0
DA:197,0
DA:198,0
DA:199,0
DA:200,0
DA:204,0
DA:205,0
DA:206,0
DA:207,0
DA:208,0
DA:212,0
DA:213,0
DA:216,0
DA:217,0
DA:218,0
DA:219,0
DA:223,0
DA:224,0
DA:225,0
DA:226,0
DA:227,0
DA:240,3
DA:248,0
DA:256,0
DA:257,0
DA:258,0
DA:259,0
DA:260,0
DA:261,0
LF:123
LH:48
end_of_record
SF:lib\elementnode.dart
DA:20,10
DA:27,0
DA:30,0
DA:31,0
DA:34,0
DA:35,0
DA:37,0
DA:42,0
DA:45,0
DA:46,0
DA:47,0
DA:54,0
DA:59,0
DA:60,0
DA:62,0
DA:65,0
DA:74,0
DA:77,0
DA:78,0
DA:81,0
DA:88,0
DA:91,0
DA:92,0
DA:95,0
DA:96,0
DA:103,0
DA:104,0
LF:27
LH:1
end_of_record
SF:lib\arxmlloader.dart
DA:9,4
DA:11,1
DA:12,1
DA:13,1
DA:16,0
DA:18,0
DA:23,1
DA:25,1
DA:27,1
DA:29,0
DA:35,9
DA:36,9
DA:37,1
DA:38,1
LF:14
LH:11
end_of_record
SF:lib\core\xml\arxml_loader\parser.dart
DA:5,4
DA:7,9
DA:8,9
DA:9,9
DA:10,18
DA:11,18
DA:16,9
DA:17,9
DA:18,9
DA:22,9
DA:23,9
DA:24,18
DA:25,9
DA:27,9
DA:33,18
DA:34,9
DA:37,9
DA:39,27
DA:40,27
DA:41,18
DA:42,9
DA:43,9
DA:45,9
DA:47,9
DA:49,36
DA:50,18
LF:26
LH:26
end_of_record
SF:lib\core\xml\arxml_loader\serializer.dart
DA:5,4
DA:7,1
DA:8,1
DA:9,1
DA:10,2
DA:11,1
DA:13,2
DA:16,1
DA:17,2
DA:18,3
DA:19,3
DA:20,4
DA:21,5
DA:23,3
DA:24,2
DA:25,1
LF:16
LH:16
end_of_record
SF:lib\ast_cache.dart
DA:7,0
DA:15,0
DA:17,0
DA:18,0
DA:20,0
DA:21,0
DA:24,0
DA:25,0
DA:26,0
DA:27,0
DA:30,0
DA:31,0
DA:32,0
DA:34,0
DA:35,0
DA:38,0
DA:39,0
DA:40,0
DA:43,0
DA:44,0
DA:47,0
DA:48,0
LF:22
LH:0
end_of_record
SF:lib\core\xsd\xsd_parser\parser.dart
DA:21,8
DA:25,8
DA:27,0
DA:29,8
DA:31,16
DA:34,0
DA:35,16
DA:36,6
DA:37,6
DA:39,8
DA:40,16
DA:41,16
DA:42,16
DA:44,16
DA:45,16
DA:46,16
DA:48,8
DA:50,8
DA:52,1
DA:57,16
DA:58,8
DA:60,32
DA:62,0
DA:63,0
DA:67,16
DA:68,16
DA:72,8
DA:73,8
DA:74,16
DA:75,8
DA:76,16
DA:77,16
DA:78,8
DA:79,8
DA:80,8
DA:81,16
DA:85,8
DA:86,16
DA:87,8
DA:88,16
DA:89,16
DA:90,5
DA:91,5
DA:92,5
DA:93,10
DA:97,8
DA:98,16
DA:99,16
DA:100,16
DA:101,16
DA:103,24
DA:104,8
DA:105,5
DA:106,10
DA:110,8
DA:111,16
DA:112,8
DA:113,16
DA:114,16
DA:115,8
DA:116,8
DA:117,8
DA:119,0
DA:120,0
DA:121,0
DA:127,8
DA:128,20
DA:130,8
DA:131,8
DA:132,16
DA:133,0
DA:134,0
DA:138,8
DA:139,0
DA:141,8
DA:143,8
DA:144,16
DA:145,0
DA:146,0
DA:149,8
DA:151,0
DA:152,0
DA:153,0
DA:154,0
DA:155,0
DA:156,0
DA:157,0
DA:158,0
DA:159,0
DA:160,0
DA:161,0
DA:162,0
DA:163,0
DA:164,0
DA:165,0
DA:166,0
DA:167,0
DA:169,0
DA:170,0
DA:174,0
DA:175,0
DA:179,8
DA:180,16
DA:181,0
DA:182,0
DA:184,8
DA:185,8
DA:186,16
DA:188,16
DA:193,3
DA:194,2
DA:195,2
DA:196,0
DA:200,4
DA:204,6
DA:205,12
DA:206,4
DA:207,6
DA:209,6
DA:210,6
DA:211,12
DA:213,10
DA:218,2
DA:219,0
DA:220,0
DA:221,0
DA:225,4
DA:229,6
DA:230,12
DA:231,0
DA:232,0
DA:234,6
DA:235,6
DA:236,12
DA:238,10
DA:241,1
DA:242,0
DA:243,0
DA:247,3
DA:248,2
DA:249,2
DA:250,0
DA:254,4
DA:258,5
DA:261,5
DA:262,5
DA:263,5
DA:264,5
DA:265,5
DA:266,15
DA:267,5
DA:271,5
DA:272,5
DA:273,5
DA:274,0
DA:275,0
DA:276,0
DA:280,5
DA:281,5
DA:282,5
DA:283,0
DA:284,0
DA:285,0
DA:291,8
DA:293,8
DA:294,16
DA:298,16
DA:301,16
DA:302,12
DA:304,12
DA:305,6
DA:308,6
DA:310,6
DA:311,6
DA:312,6
DA:313,6
DA:315,10
DA:316,5
DA:317,5
DA:320,1
DA:321,0
DA:322,0
DA:323,0
DA:324,0
DA:325,0
DA:331,16
DA:332,16
DA:334,0
DA:335,0
DA:337,0
DA:339,16
DA:340,16
DA:342,0
DA:343,0
DA:345,0
DA:347,16
DA:348,16
DA:350,0
DA:351,0
DA:353,0
DA:357,8
DA:360,8
DA:362,16
DA:363,16
DA:366,0
DA:367,0
DA:369,0
DA:371,0
DA:372,0
DA:374,0
DA:375,0
DA:377,0
DA:380,0
DA:381,0
DA:382,0
DA:383,0
DA:384,0
DA:385,0
DA:387,0
DA:389,0
DA:390,0
DA:391,0
DA:392,0
DA:393,0
DA:394,0
DA:396,0
DA:400,0
DA:401,0
DA:403,0
DA:405,0
DA:406,0
DA:408,0
DA:409,0
DA:411,0
DA:414,0
DA:415,0
DA:416,0
DA:417,0
DA:418,0
DA:419,0
DA:421,0
DA:423,0
DA:424,0
DA:425,0
DA:426,0
DA:427,0
DA:428,0
DA:430,0
DA:434,8
DA:435,8
DA:436,8
DA:437,8
DA:438,8
DA:439,8
DA:441,24
DA:443,8
DA:444,8
DA:445,8
DA:446,3
DA:447,3
DA:448,3
DA:450,9
DA:452,8
DA:453,8
DA:454,8
DA:455,0
DA:456,0
DA:457,0
DA:458,0
DA:462,8
DA:465,8
DA:466,8
DA:467,8
DA:468,8
DA:472,16
DA:473,16
DA:474,8
DA:475,8
DA:477,16
DA:478,8
DA:480,0
DA:481,0
DA:483,0
DA:485,0
DA:486,0
DA:491,8
DA:492,8
DA:493,8
DA:497,13
DA:498,10
DA:499,5
DA:501,5
DA:502,5
DA:503,5
DA:504,5
DA:505,5
DA:507,10
DA:508,5
DA:509,5
DA:515,8
DA:516,8
DA:517,8
DA:518,0
DA:519,0
DA:520,0
DA:522,0
DA:524,8
DA:525,8
DA:526,8
DA:527,0
DA:528,0
DA:529,0
DA:531,0
DA:533,8
DA:534,8
DA:535,8
DA:536,0
DA:537,0
DA:538,0
DA:540,0
DA:545,3
DA:548,3
DA:549,3
DA:550,3
DA:551,3
DA:555,6
DA:556,6
DA:557,3
DA:558,3
DA:560,6
DA:561,3
DA:563,0
DA:564,0
DA:566,0
DA:568,0
DA:569,0
DA:574,3
DA:575,3
DA:576,3
DA:578,3
DA:579,0
DA:581,0
DA:582,0
DA:583,0
DA:584,0
DA:585,0
DA:587,0
DA:588,0
DA:589,0
DA:595,3
DA:596,3
DA:597,3
DA:598,0
DA:599,0
DA:600,0
DA:602,0
DA:604,3
DA:605,3
DA:606,3
DA:607,0
DA:608,0
DA:609,0
DA:611,0
DA:613,3
DA:614,3
DA:615,3
DA:616,0
DA:617,0
DA:618,0
DA:620,0
DA:625,0
DA:628,0
DA:629,0
DA:630,0
DA:631,0
DA:633,0
DA:634,0
DA:635,0
DA:637,0
DA:638,0
DA:640,0
DA:641,0
DA:643,0
DA:644,0
DA:648,0
DA:649,0
DA:650,0
DA:651,0
DA:652,0
DA:653,0
DA:655,0
DA:657,0
DA:658,0
DA:659,0
DA:660,0
DA:661,0
DA:662,0
DA:664,0
DA:668,0
DA:669,0
DA:670,0
DA:671,0
DA:673,0
DA:676,0
DA:677,0
DA:678,0
DA:679,0
DA:680,0
DA:681,0
DA:682,0
DA:685,0
DA:686,0
DA:688,0
DA:689,0
DA:691,0
DA:692,0
DA:693,0
DA:694,0
DA:695,0
DA:696,0
DA:698,0
DA:700,0
DA:701,0
DA:702,0
DA:703,0
DA:705,0
DA:706,0
DA:712,0
DA:713,0
DA:715,0
DA:716,0
DA:717,0
DA:718,0
DA:719,0
DA:720,0
DA:722,0
DA:724,0
DA:725,0
DA:726,0
DA:727,0
DA:729,0
DA:730,0
DA:738,0
DA:739,0
DA:741,0
DA:743,0
DA:745,0
DA:746,0
DA:748,0
DA:751,0
DA:754,16
DA:756,8
DA:757,8
DA:758,0
DA:759,0
DA:761,0
DA:762,0
DA:768,22
LF:458
LH:219
end_of_record
SF:lib\depth_indicator.dart
DA:8,2
DA:13,2
DA:15,2
DA:17,2
DA:18,6
DA:19,2
DA:20,8
DA:31,2
DA:33,2
DA:35,2
DA:36,2
DA:37,2
DA:39,5
DA:40,2
DA:41,4
DA:45,0
LF:16
LH:15
end_of_record
SF:lib\features\editor\state\file_tabs_provider.dart
DA:16,16
DA:17,12
DA:18,4
DA:21,16
DA:22,16
DA:23,16
DA:25,0
DA:26,16
DA:27,8
DA:28,8
DA:29,4
DA:30,0
DA:33,0
DA:34,0
DA:35,0
DA:41,0
DA:42,0
DA:43,0
DA:44,0
DA:45,0
DA:48,0
DA:49,0
DA:50,0
DA:51,0
DA:52,0
DA:54,0
DA:55,0
DA:56,0
DA:57,0
DA:60,0
DA:62,0
DA:63,0
DA:69,12
DA:74,0
DA:75,0
DA:77,0
DA:78,0
DA:79,0
DA:80,0
DA:81,0
DA:82,0
DA:87,0
DA:88,0
DA:89,0
DA:90,0
DA:93,0
DA:94,0
DA:96,0
DA:97,0
DA:100,0
DA:101,0
DA:102,0
DA:103,0
DA:105,0
DA:106,0
DA:109,0
DA:111,0
DA:113,0
DA:116,0
DA:117,0
DA:118,0
DA:119,0
DA:121,0
DA:124,0
DA:125,0
DA:126,0
DA:127,0
DA:129,0
DA:131,0
DA:137,0
DA:138,0
DA:139,0
DA:142,0
DA:143,0
DA:144,0
DA:145,0
DA:146,0
DA:147,0
DA:148,0
DA:149,0
DA:150,0
DA:151,0
DA:152,0
DA:153,0
DA:154,0
DA:155,0
DA:158,0
DA:161,0
DA:162,0
DA:163,0
DA:165,0
DA:169,0
DA:171,0
DA:172,0
DA:173,0
DA:174,0
DA:175,0
DA:177,0
DA:181,0
DA:184,0
DA:187,0
DA:188,0
DA:189,0
DA:190,0
DA:191,0
DA:198,0
DA:199,0
DA:200,0
DA:201,0
DA:203,0
DA:205,0
DA:206,0
DA:208,0
DA:209,0
DA:210,0
DA:211,0
DA:212,0
DA:213,0
DA:214,0
DA:215,0
DA:219,0
DA:224,0
DA:226,0
DA:227,0
DA:228,0
DA:230,0
DA:232,0
DA:233,0
DA:234,0
DA:235,0
DA:238,0
DA:239,0
DA:240,0
DA:241,0
DA:244,0
DA:246,0
DA:250,0
DA:251,0
DA:252,0
DA:254,0
DA:258,0
DA:259,0
DA:260,0
DA:262,0
DA:264,0
DA:265,0
DA:266,0
DA:268,0
DA:269,0
DA:274,0
DA:278,0
DA:279,0
DA:280,0
DA:287,0
DA:288,0
DA:289,0
DA:290,0
DA:291,0
DA:294,0
DA:296,0
DA:300,0
DA:301,0
DA:303,0
DA:307,0
DA:308,0
DA:312,0
DA:313,0
DA:315,0
DA:316,0
DA:317,0
DA:318,0
DA:319,0
DA:320,0
DA:321,0
DA:322,0
DA:326,0
DA:327,0
DA:328,0
DA:329,0
DA:330,0
DA:331,0
DA:333,0
DA:336,0
DA:337,0
DA:338,0
DA:339,0
DA:342,0
DA:343,0
DA:345,0
DA:348,0
DA:350,0
DA:351,0
DA:352,0
DA:353,0
DA:357,0
DA:358,0
DA:359,0
DA:360,0
DA:363,0
DA:364,0
DA:365,0
DA:367,0
DA:368,0
DA:370,0
DA:373,0
DA:375,0
DA:379,0
DA:381,0
DA:385,0
DA:386,0
DA:387,0
DA:388,0
DA:389,0
DA:391,0
DA:395,0
DA:396,0
DA:398,0
DA:399,0
DA:400,0
DA:403,0
DA:404,0
DA:406,0
DA:407,0
DA:408,0
DA:409,0
DA:410,0
DA:411,0
DA:412,0
DA:416,0
DA:422,0
DA:424,0
DA:427,0
DA:428,0
DA:429,0
DA:430,0
DA:431,0
DA:432,0
DA:437,0
DA:440,0
DA:441,0
DA:442,0
DA:443,0
DA:444,0
DA:447,0
DA:448,0
DA:449,0
DA:450,0
DA:451,0
DA:452,0
DA:453,0
DA:454,0
DA:455,0
DA:456,0
DA:458,0
LF:254
LH:11
end_of_record
SF:lib\workspace_indexer.dart
DA:12,2
DA:16,0
DA:17,0
DA:19,0
DA:20,0
DA:23,0
DA:24,0
DA:26,0
DA:29,0
DA:30,0
DA:35,0
DA:37,0
DA:39,0
DA:40,0
DA:41,0
DA:46,0
DA:47,0
DA:48,0
DA:49,0
DA:54,0
DA:55,0
DA:58,0
DA:59,0
DA:65,0
DA:68,0
DA:69,0
DA:70,0
DA:72,0
DA:73,0
DA:74,0
DA:75,0
DA:77,0
DA:78,0
DA:80,0
DA:81,0
DA:82,0
DA:83,0
DA:86,0
DA:89,0
DA:91,0
DA:93,0
DA:94,0
DA:96,0
DA:102,0
DA:104,0
DA:107,0
DA:112,0
DA:113,0
DA:116,0
DA:117,0
DA:120,0
DA:121,0
DA:122,0
DA:123,0
DA:125,0
DA:127,0
DA:133,0
DA:135,0
DA:136,0
DA:137,0
DA:139,0
DA:140,0
DA:141,0
DA:142,0
DA:144,0
DA:145,0
DA:146,0
DA:147,0
DA:148,0
DA:149,0
DA:152,0
DA:154,0
DA:156,0
DA:157,0
DA:158,0
DA:160,0
DA:166,0
DA:168,0
DA:171,0
DA:175,0
DA:176,0
DA:177,0
DA:178,0
DA:179,0
DA:180,0
DA:181,0
DA:187,1
DA:189,1
DA:190,1
DA:192,1
DA:194,1
DA:195,1
DA:197,2
DA:198,2
DA:199,3
DA:200,3
DA:201,1
DA:206,4
DA:207,4
DA:208,4
DA:212,1
DA:214,0
DA:215,0
DA:216,0
DA:221,0
DA:223,0
DA:224,0
DA:225,0
DA:226,0
DA:227,0
DA:228,0
DA:229,0
DA:235,0
DA:236,0
DA:237,0
DA:241,0
DA:242,0
DA:244,0
DA:246,0
DA:248,0
DA:249,0
DA:250,0
DA:251,0
DA:254,0
DA:256,0
DA:258,0
DA:259,0
DA:260,0
DA:261,0
DA:264,0
DA:265,0
DA:269,0
DA:270,0
DA:275,0
DA:277,0
DA:278,0
DA:279,0
DA:283,0
DA:284,0
DA:285,0
DA:289,0
LF:141
LH:16
end_of_record
SF:lib\features\editor\view\editor_view.dart
DA:23,0
DA:29,0
DA:30,0
DA:34,0
DA:36,0
DA:37,0
DA:38,0
DA:41,0
DA:43,0
DA:44,0
DA:49,0
DA:57,0
DA:58,0
DA:59,0
DA:60,0
DA:61,0
DA:62,0
DA:65,0
DA:67,0
DA:68,0
DA:69,0
DA:70,0
DA:72,0
DA:76,0
DA:77,0
DA:78,0
DA:79,0
DA:80,0
DA:84,0
DA:85,0
DA:86,0
DA:87,0
DA:92,0
DA:93,0
DA:94,0
DA:95,0
DA:97,0
DA:99,0
DA:100,0
DA:101,0
DA:102,0
DA:103,0
DA:104,0
DA:105,0
DA:108,0
DA:109,0
DA:114,0
DA:115,0
DA:126,0
DA:127,0
DA:134,0
DA:136,0
DA:137,0
DA:138,0
DA:139,0
DA:140,0
DA:141,0
DA:142,0
DA:143,0
DA:144,0
DA:145,0
DA:146,0
DA:147,0
DA:148,0
DA:150,0
DA:151,0
DA:156,0
DA:164,0
DA:165,0
DA:168,0
DA:177,0
DA:179,0
DA:180,0
DA:187,0
DA:189,0
DA:190,0
DA:191,0
DA:194,0
DA:196,0
DA:197,0
DA:200,0
DA:202,0
DA:203,0
DA:204,0
DA:205,0
DA:207,0
DA:208,0
DA:209,0
DA:212,0
DA:213,0
DA:218,0
DA:219,0
DA:221,0
DA:222,0
DA:223,0
DA:226,0
DA:230,0
DA:232,0
DA:234,0
DA:235,0
DA:236,0
DA:237,0
DA:239,0
DA:241,0
DA:243,0
DA:246,0
LF:106
LH:0
end_of_record
SF:lib\features\editor\view\widgets\element_node\element_node_widget.dart
DA:16,1
DA:22,1
DA:23,1
DA:29,1
DA:31,2
DA:32,1
DA:33,2
DA:34,1
DA:35,2
DA:37,1
DA:38,4
DA:39,3
DA:40,3
DA:42,4
DA:43,3
DA:44,1
DA:46,0
DA:49,1
DA:52,1
DA:60,1
DA:62,1
DA:63,3
DA:65,2
DA:66,1
DA:68,2
DA:73,0
DA:74,0
DA:75,0
DA:77,0
DA:78,0
DA:79,0
DA:81,0
DA:82,0
DA:84,0
DA:85,0
DA:88,1
DA:90,3
DA:91,4
DA:92,2
DA:93,3
DA:94,0
DA:95,0
DA:97,0
DA:100,2
DA:101,1
DA:102,2
DA:104,1
DA:106,1
DA:107,0
DA:108,0
DA:109,1
DA:113,1
DA:114,0
DA:115,0
DA:116,3
DA:117,1
DA:118,2
DA:119,3
DA:120,3
DA:121,0
DA:125,0
DA:126,0
DA:130,0
DA:131,0
DA:132,0
DA:135,1
DA:137,2
DA:138,2
DA:139,3
DA:140,3
LF:70
LH:46
end_of_record
SF:lib\features\editor\view\widgets\element_node\element_node_actions.dart
DA:16,0
DA:17,0
DA:18,0
DA:21,0
DA:22,0
DA:23,0
DA:26,1
DA:27,3
DA:29,1
DA:30,0
DA:31,0
DA:33,1
DA:34,0
DA:35,0
DA:37,1
DA:38,3
DA:39,1
DA:41,0
DA:42,0
DA:44,0
DA:45,0
DA:47,0
DA:48,0
DA:50,0
DA:51,0
DA:53,0
DA:54,0
DA:55,0
DA:57,0
DA:58,0
DA:59,0
DA:60,0
DA:61,0
DA:62,0
DA:69,0
DA:70,0
DA:73,0
DA:74,0
DA:76,0
LF:39
LH:7
end_of_record
SF:lib\features\editor\view\widgets\element_node\element_node_dialogs.dart
DA:9,3
DA:11,0
DA:19,0
DA:21,0
DA:22,0
DA:23,0
DA:25,0
DA:27,0
DA:28,0
DA:29,0
DA:30,0
DA:32,0
DA:33,0
DA:35,0
DA:36,0
DA:38,0
DA:39,0
DA:40,0
DA:41,0
DA:49,0
DA:56,0
DA:57,0
DA:59,0
DA:61,0
DA:66,0
DA:67,0
DA:68,0
DA:70,0
DA:71,0
DA:73,0
DA:74,0
DA:76,0
DA:77,0
DA:78,0
DA:79,0
DA:87,1
DA:95,3
DA:96,0
DA:97,0
DA:98,1
DA:99,1
DA:100,1
DA:102,3
DA:104,0
DA:105,3
DA:108,1
DA:110,2
DA:111,3
DA:113,1
DA:114,0
DA:118,0
DA:120,0
DA:121,0
DA:124,1
DA:125,1
DA:126,1
DA:128,1
DA:132,0
DA:134,1
DA:135,1
DA:136,0
DA:138,1
DA:140,0
DA:141,0
DA:143,0
DA:144,0
DA:145,0
DA:147,0
DA:148,0
DA:150,0
DA:151,0
DA:152,0
DA:154,0
LF:73
LH:19
end_of_record
SF:lib\features\editor\view\widgets\element_node\ref_indicator.dart
DA:12,1
DA:15,1
DA:17,3
DA:19,0
DA:20,0
DA:21,0
DA:22,0
DA:23,0
DA:25,0
DA:26,0
DA:27,0
DA:28,0
DA:29,0
DA:32,0
DA:34,0
DA:36,0
DA:38,0
DA:39,0
DA:41,0
DA:42,0
DA:43,0
DA:47,0
DA:48,0
DA:50,0
DA:51,0
DA:52,0
DA:53,0
DA:56,0
DA:58,0
DA:60,0
DA:62,0
DA:64,0
DA:65,0
DA:66,0
DA:67,0
DA:68,0
DA:71,0
DA:72,0
DA:74,0
DA:79,0
DA:80,0
DA:81,0
DA:87,0
DA:88,0
DA:89,0
DA:93,0
DA:95,0
DA:96,0
LF:48
LH:3
end_of_record
SF:lib\features\editor\view\widgets\element_node\validation_badge.dart
DA:12,1
DA:15,1
DA:17,2
DA:18,1
DA:20,0
DA:21,0
DA:22,0
DA:25,0
DA:27,0
DA:28,0
DA:29,0
DA:31,0
DA:32,0
DA:36,0
DA:39,0
DA:41,0
DA:44,0
DA:46,0
DA:49,0
DA:50,0
DA:52,0
DA:53,0
DA:54,0
DA:55,0
DA:57,0
DA:58,0
DA:59,0
DA:62,0
DA:63,0
LF:29
LH:4
end_of_record
SF:lib\ref_normalizer.dart
DA:11,2
DA:16,2
DA:17,2
DA:20,3
DA:21,2
DA:22,3
DA:26,2
DA:27,2
DA:28,0
DA:33,2
DA:34,2
DA:35,2
DA:36,2
DA:39,4
DA:42,2
DA:43,1
DA:47,10
DA:49,2
DA:50,1
DA:51,1
DA:52,2
DA:53,1
DA:54,0
DA:56,5
DA:59,2
DA:62,3
DA:63,1
DA:64,1
DA:69,4
DA:71,2
DA:72,4
DA:74,2
DA:77,2
DA:78,2
DA:81,2
DA:84,4
DA:85,2
DA:91,1
DA:92,1
DA:95,1
DA:97,1
DA:104,1
DA:105,1
DA:107,1
DA:108,1
DA:110,1
LF:46
LH:44
end_of_record
SF:lib\features\workspace\service\workspace_models.dart
DA:6,1
DA:20,5
DA:30,0
DA:31,0
DA:33,0
DA:34,0
DA:35,0
DA:36,0
DA:38,1
DA:47,1
DA:48,1
DA:49,1
DA:50,1
DA:51,1
DA:52,1
DA:53,0
DA:54,1
LF:17
LH:10
end_of_record
SF:lib\features\validation\state\validation_providers.dart
DA:4,0
LF:1
LH:0
end_of_record
SF:lib\features\validation\view\validation_view.dart
DA:17,0
DA:19,0
DA:21,0
DA:22,0
DA:23,0
DA:25,0
DA:28,0
DA:29,0
DA:30,0
DA:31,0
DA:32,0
DA:33,0
DA:35,0
DA:38,0
DA:39,0
DA:40,0
DA:41,0
DA:42,0
DA:43,0
DA:45,0
DA:47,0
DA:48,0
DA:50,0
DA:51,0
DA:52,0
DA:54,0
DA:55,0
DA:59,0
DA:60,0
DA:61,0
DA:62,0
DA:63,0
DA:68,0
DA:69,0
DA:70,0
DA:72,0
DA:79,0
DA:80,0
DA:81,0
DA:85,0
DA:87,0
DA:90,0
DA:91,0
DA:93,0
DA:95,0
DA:101,0
DA:102,0
DA:103,0
DA:105,0
DA:106,0
DA:109,0
DA:110,0
DA:111,0
DA:116,0
DA:119,0
DA:120,0
DA:121,0
DA:122,0
DA:130,0
DA:131,0
DA:132,0
DA:133,0
DA:134,0
DA:135,0
DA:136,0
DA:138,0
DA:141,0
DA:143,0
DA:146,0
DA:147,0
DA:149,0
DA:150,0
DA:151,0
DA:152,0
DA:153,0
DA:154,0
DA:155,0
DA:156,0
DA:157,0
DA:158,0
DA:160,0
DA:161,0
DA:162,0
DA:163,0
DA:165,0
DA:166,0
DA:167,0
DA:170,0
DA:171,0
DA:172,0
DA:175,0
DA:181,0
DA:182,0
DA:184,0
DA:185,0
DA:190,0
DA:191,0
DA:192,0
DA:193,0
DA:194,0
DA:195,0
DA:196,0
DA:201,0
DA:213,0
DA:218,0
DA:224,0
DA:226,0
DA:227,0
DA:229,0
DA:230,0
DA:232,0
DA:234,0
DA:236,0
DA:237,0
DA:239,0
DA:240,0
DA:242,0
LF:117
LH:0
end_of_record
SF:lib\ui\home_shell.dart
DA:15,16
DA:16,0
DA:19,4
DA:20,8
DA:21,8
DA:31,4
DA:32,4
DA:33,4
DA:34,4
DA:35,0
DA:36,0
DA:37,0
DA:38,0
DA:39,0
DA:40,0
DA:41,0
DA:45,4
DA:47,0
DA:48,0
DA:49,0
DA:50,0
DA:55,4
DA:57,4
DA:58,4
DA:61,8
DA:63,24
DA:64,12
DA:65,12
DA:66,16
DA:67,12
DA:68,12
DA:69,12
DA:70,12
DA:71,12
DA:73,4
DA:75,4
DA:76,4
DA:78,4
DA:79,4
DA:80,4
DA:81,4
DA:82,12
DA:83,12
DA:90,4
DA:91,4
DA:93,4
DA:94,4
DA:96,4
DA:97,4
DA:100,4
DA:101,0
DA:102,0
DA:104,0
DA:106,0
DA:107,0
DA:108,0
DA:109,0
DA:113,0
DA:117,0
DA:118,0
DA:119,0
DA:120,0
DA:124,4
DA:127,0
DA:128,0
DA:129,0
DA:131,4
DA:132,4
DA:133,4
DA:136,4
DA:137,4
DA:138,4
DA:141,0
DA:146,0
DA:147,0
DA:149,4
DA:150,4
DA:155,0
DA:160,0
DA:161,0
DA:162,0
DA:164,0
DA:165,0
DA:166,0
DA:170,0
DA:171,0
DA:174,0
DA:175,0
DA:176,0
DA:178,0
DA:180,0
DA:181,0
DA:182,0
DA:184,0
DA:186,0
DA:188,0
DA:190,0
DA:191,0
DA:194,0
DA:198,0
DA:200,0
DA:204,0
DA:205,0
DA:206,0
DA:213,4
DA:214,4
DA:216,0
DA:217,0
DA:218,4
DA:220,4
DA:222,4
DA:223,0
DA:226,0
DA:232,0
DA:233,0
DA:234,0
DA:246,4
DA:248,4
DA:250,0
DA:252,0
DA:253,0
DA:257,0
DA:258,0
DA:259,0
DA:264,0
DA:265,0
DA:266,0
DA:267,0
DA:268,0
DA:270,0
DA:272,0
DA:273,0
DA:274,0
DA:275,0
DA:276,0
DA:277,0
DA:279,0
DA:281,0
DA:282,0
DA:285,0
DA:286,0
DA:295,0
DA:296,0
DA:301,0
DA:306,4
DA:307,4
DA:308,4
DA:310,0
DA:311,0
DA:336,4
DA:337,8
DA:338,4
DA:339,0
DA:340,0
DA:341,0
DA:342,0
DA:343,4
DA:344,0
DA:345,0
DA:346,4
DA:347,0
DA:348,0
DA:349,0
DA:352,0
DA:353,0
DA:354,0
DA:356,0
DA:357,0
DA:358,0
DA:362,0
DA:365,0
DA:366,0
DA:367,0
DA:370,0
DA:374,0
DA:375,0
DA:376,0
DA:377,0
DA:378,0
DA:379,0
DA:380,0
DA:383,0
DA:387,0
DA:388,0
DA:389,0
DA:394,0
DA:395,0
DA:396,0
DA:397,0
DA:398,0
DA:410,0
DA:412,0
DA:414,0
LF:193
LH:62
end_of_record
SF:lib\main.dart
DA:19,6
DA:20,5
DA:21,2
DA:24,8
DA:25,0
DA:27,12
DA:29,0
DA:30,0
DA:31,0
DA:32,0
DA:33,0
DA:37,0
DA:38,0
DA:39,0
DA:45,0
DA:47,0
DA:48,0
DA:49,0
DA:50,0
DA:53,0
DA:54,0
DA:55,0
DA:56,0
DA:57,0
DA:59,0
DA:60,0
DA:61,0
DA:62,0
DA:65,0
DA:67,0
DA:68,0
DA:73,0
DA:78,9
DA:86,0
DA:87,0
DA:90,0
DA:91,0
DA:92,0
DA:93,0
DA:94,0
DA:95,0
DA:99,0
DA:103,0
DA:104,0
DA:105,0
DA:106,0
DA:109,0
DA:111,0
DA:113,0
DA:114,0
DA:116,0
DA:121,0
DA:122,0
DA:123,0
DA:124,0
DA:126,0
DA:127,0
DA:129,0
DA:133,0
DA:135,0
DA:136,0
DA:137,0
DA:139,0
DA:142,0
DA:146,0
DA:148,0
DA:151,0
DA:153,0
DA:156,0
DA:160,0
DA:161,0
DA:162,0
DA:163,0
DA:166,0
DA:168,0
DA:169,0
DA:170,0
DA:178,0
DA:179,0
DA:180,0
DA:183,0
DA:184,0
DA:185,0
DA:186,0
DA:187,0
DA:189,0
DA:190,0
DA:192,0
DA:193,0
DA:194,0
DA:195,0
DA:196,0
DA:197,0
DA:198,0
DA:201,0
DA:206,0
DA:207,0
DA:208,0
DA:210,0
DA:216,0
DA:218,0
DA:219,0
DA:220,0
DA:221,0
DA:222,0
DA:224,0
DA:230,0
DA:234,0
DA:236,0
DA:237,0
DA:238,0
DA:239,0
DA:240,0
DA:248,0
DA:249,0
DA:250,0
DA:252,0
DA:254,0
DA:257,0
DA:258,0
DA:260,0
DA:261,0
DA:262,0
DA:265,0
DA:266,0
DA:269,0
DA:270,0
DA:271,0
DA:272,0
DA:273,0
DA:277,0
DA:279,0
DA:284,0
DA:285,0
DA:287,0
DA:288,0
DA:291,0
DA:292,0
DA:294,0
DA:296,0
DA:298,0
DA:300,0
DA:301,0
DA:302,0
DA:304,0
DA:305,0
DA:308,0
DA:309,0
DA:311,0
DA:312,0
DA:313,0
DA:316,0
DA:318,0
DA:321,0
DA:325,0
DA:326,0
DA:327,0
DA:329,0
DA:331,0
DA:336,0
DA:337,0
DA:338,0
DA:339,0
DA:342,0
DA:343,0
DA:345,0
DA:346,0
DA:348,0
DA:349,0
DA:350,0
DA:352,0
DA:353,0
DA:356,0
DA:359,0
DA:360,0
DA:362,0
DA:363,0
DA:367,0
DA:369,0
DA:371,0
DA:382,0
DA:384,0
DA:387,0
DA:388,0
DA:389,0
DA:392,0
DA:394,0
DA:397,0
DA:401,0
DA:402,0
DA:404,0
DA:408,0
DA:409,0
DA:413,0
DA:414,0
DA:417,0
DA:418,0
DA:419,0
DA:421,0
DA:422,0
DA:423,0
DA:424,0
DA:425,0
DA:429,0
DA:430,0
DA:431,0
DA:432,0
DA:433,0
DA:434,0
DA:437,0
DA:440,1
DA:441,3
DA:442,1
DA:443,5
DA:446,7
DA:447,5
DA:449,1
DA:452,0
DA:455,0
DA:456,0
DA:457,0
DA:458,0
DA:463,0
DA:465,0
DA:467,0
DA:468,0
DA:471,0
DA:472,0
DA:473,0
DA:477,0
DA:478,0
DA:480,0
DA:483,0
DA:485,0
DA:490,0
DA:492,0
DA:496,0
DA:497,0
DA:498,0
DA:501,0
DA:502,0
DA:504,0
DA:508,0
DA:509,0
DA:512,0
DA:513,0
DA:514,0
DA:517,0
DA:518,0
DA:520,0
DA:521,0
DA:522,0
DA:524,0
DA:525,0
DA:526,0
DA:527,0
DA:531,0
DA:537,0
DA:539,0
DA:543,0
DA:544,0
DA:545,0
DA:546,0
DA:547,0
DA:549,0
DA:555,0
DA:558,0
DA:559,0
DA:560,0
DA:561,0
DA:562,0
DA:565,0
DA:567,0
DA:568,0
DA:569,0
DA:570,0
DA:571,0
DA:572,0
DA:573,0
DA:574,0
DA:575,0
DA:576,0
DA:577,0
DA:579,0
DA:584,0
DA:585,0
DA:589,0
DA:590,7
LF:288
LH:14
end_of_record
SF:lib\features\validation\view\widgets\validation_gutter.dart
DA:8,0
DA:10,0
DA:12,0
DA:13,0
DA:14,0
DA:15,0
DA:16,0
DA:17,0
DA:18,0
DA:19,0
DA:21,0
DA:28,0
DA:30,0
DA:32,0
DA:34,0
DA:36,0
DA:41,0
DA:43,0
DA:44,0
DA:45,0
DA:47,0
DA:48,0
DA:52,0
DA:57,0
DA:58,0
DA:59,0
DA:60,0
DA:64,0
DA:65,0
LF:29
LH:0
end_of_record
SF:lib\features\workspace\view\workspace_view.dart
DA:12,0
DA:14,0
DA:15,0
DA:21,0
DA:23,0
DA:24,0
DA:25,0
DA:26,0
DA:27,0
DA:28,0
DA:30,0
DA:31,0
DA:32,0
DA:33,0
DA:34,0
DA:41,0
DA:42,0
DA:43,0
DA:44,0
DA:45,0
DA:47,0
DA:48,0
DA:50,0
DA:51,0
DA:52,0
DA:55,0
DA:56,0
DA:58,0
DA:59,0
DA:60,0
DA:61,0
DA:62,0
DA:68,0
DA:69,0
DA:70,0
DA:71,0
DA:72,0
DA:73,0
DA:74,0
DA:75,0
DA:79,0
DA:80,0
DA:82,0
DA:84,0
DA:85,0
DA:86,0
DA:87,0
DA:89,0
DA:90,0
DA:92,0
DA:93,0
DA:94,0
DA:96,0
DA:97,0
DA:101,0
DA:102,0
DA:104,0
DA:108,0
DA:109,0
DA:110,0
DA:111,0
DA:112,0
DA:118,0
DA:119,0
DA:120,0
DA:122,0
DA:123,0
DA:124,0
DA:126,0
DA:128,0
DA:129,0
DA:131,0
DA:134,0
DA:135,0
DA:138,0
DA:139,0
DA:140,0
DA:144,0
DA:145,0
DA:146,0
DA:151,0
DA:152,0
DA:153,0
DA:156,0
DA:158,0
DA:159,0
DA:160,0
DA:161,0
DA:162,0
DA:163,0
DA:164,0
DA:173,0
DA:174,0
DA:175,0
DA:176,0
DA:177,0
DA:181,0
DA:185,0
DA:189,0
DA:193,0
DA:198,0
DA:200,0
DA:201,0
DA:202,0
DA:203,0
DA:205,0
DA:209,0
DA:210,0
DA:211,0
DA:217,0
DA:218,0
DA:219,0
DA:220,0
DA:221,0
DA:223,0
DA:224,0
DA:226,0
DA:233,0
DA:234,0
DA:235,0
DA:236,0
DA:237,0
DA:238,0
DA:239,0
DA:240,0
LF:125
LH:0
end_of_record
SF:lib\ui\app.dart
DA:5,4
DA:7,8
DA:28,8
DA:31,8
DA:46,8
DA:47,8
DA:48,8
DA:49,8
DA:54,8
LF:9
LH:9
end_of_record
SF:lib\elementnodecontroller.dart
DA:9,4
DA:12,3
DA:16,3
DA:21,6
DA:24,3
DA:25,3
DA:26,6
DA:27,9
DA:28,6
DA:29,3
DA:33,6
DA:34,3
DA:37,9
DA:40,3
LF:14
LH:14
end_of_record
SF:lib\elementnodesearchdelegate.dart
DA:10,1
DA:13,1
DA:14,1
DA:16,2
DA:17,2
DA:19,1
DA:20,0
DA:21,0
DA:23,1
DA:27,1
DA:28,1
DA:29,0
DA:34,4
DA:36,2
DA:37,2
DA:38,2
DA:39,1
DA:43,7
DA:44,4
DA:45,1
DA:49,1
DA:52,0
DA:54,0
DA:55,0
DA:57,0
DA:58,0
DA:64,0
DA:66,0
DA:68,0
DA:69,0
DA:74,0
DA:76,0
DA:78,0
DA:79,0
DA:80,0
DA:81,0
DA:82,0
DA:83,0
DA:84,0
DA:85,0
DA:86,0
DA:93,0
DA:95,0
DA:97,0
DA:98,0
DA:99,0
DA:100,0
DA:101,0
DA:102,0
DA:103,0
DA:104,0
DA:105,0
LF:52
LH:18
end_of_record
